d:\code\mcmc - ㅇㅇ\mcmc\x64\debug\vc120.pdb
d:\code\mcmc - ㅇㅇ\mcmc\x64\debug\vc120.idb
d:\code\mcmc - ㅇㅇ\mcmc\x64\debug\cell.obj
d:\code\mcmc - ㅇㅇ\mcmc\x64\debug\main.obj
d:\code\mcmc - ㅇㅇ\mcmc\x64\debug\mcman.obj
d:\code\mcmc - ㅇㅇ\mcmc\x64\debug\particle.obj
d:\code\mcmc - ㅇㅇ\mcmc\x64\debug\ptcrun.obj
d:\code\mcmc - ㅇㅇ\mcmc\x64\debug\readcx.obj
d:\code\mcmc - ㅇㅇ\mcmc\x64\debug\readinput.obj
d:\code\mcmc - ㅇㅇ\mcmc\x64\debug\rng.obj
d:\code\mcmc - ㅇㅇ\mcmc\x64\debug\source.obj
d:\code\mcmc - ㅇㅇ\mcmc\x64\debug\tally.obj
d:\code\mcmc - ㅇㅇ\x64\debug\mcmc.exe
d:\code\mcmc - ㅇㅇ\x64\debug\mcmc.pdb
d:\code\mcmc - ㅇㅇ\mcmc\x64\debug\mcmc.tlog\cl.command.1.tlog
d:\code\mcmc - ㅇㅇ\mcmc\x64\debug\mcmc.tlog\cl.read.1.tlog
d:\code\mcmc - ㅇㅇ\mcmc\x64\debug\mcmc.tlog\cl.write.1.tlog
d:\code\mcmc - ㅇㅇ\mcmc\x64\debug\mcmc.tlog\link.command.1.tlog
d:\code\mcmc - ㅇㅇ\mcmc\x64\debug\mcmc.tlog\link.read.1.tlog
d:\code\mcmc - ㅇㅇ\mcmc\x64\debug\mcmc.tlog\link.write.1.tlog
