f:\work\mcmc_다시\mcmc\debug\vc140.pdb
f:\work\mcmc_다시\mcmc\debug\vc140.idb
f:\work\mcmc_다시\mcmc\debug\cell.obj
f:\work\mcmc_다시\mcmc\debug\main.obj
f:\work\mcmc_다시\mcmc\debug\mcman.obj
f:\work\mcmc_다시\mcmc\debug\particle.obj
f:\work\mcmc_다시\mcmc\debug\ptcrun.obj
f:\work\mcmc_다시\mcmc\debug\readcx.obj
f:\work\mcmc_다시\mcmc\debug\readinput.obj
f:\work\mcmc_다시\mcmc\debug\rng.obj
f:\work\mcmc_다시\mcmc\debug\source.obj
f:\work\mcmc_다시\mcmc\debug\tally.obj
f:\work\mcmc_다시\debug\mcmc.exe
f:\work\mcmc_다시\debug\mcmc.pdb
f:\work\mcmc_다시\mcmc\debug\mcmc.tlog\cl.command.1.tlog
f:\work\mcmc_다시\mcmc\debug\mcmc.tlog\cl.read.1.tlog
f:\work\mcmc_다시\mcmc\debug\mcmc.tlog\cl.write.1.tlog
f:\work\mcmc_다시\mcmc\debug\mcmc.tlog\link.command.1.tlog
f:\work\mcmc_다시\mcmc\debug\mcmc.tlog\link.read.1.tlog
f:\work\mcmc_다시\mcmc\debug\mcmc.tlog\link.write.1.tlog
